{"level":"info","message":"Hello from Acquisitons API!","service":"aquisitions-api","timestamp":"2025-10-20T05:45:00.528Z"}
{"level":"info","message":"::ffff:127.0.0.1 - - [20/Oct/2025:05:45:00 +0000] \"GET / HTTP/1.1\" 304 - \"-\" \"Mozilla/5.0 (Macintosh; Intel Mac OS X 10.15; rv:143.0) Gecko/20100101 Firefox/143.0\"","service":"aquisitions-api","timestamp":"2025-10-20T05:45:00.534Z"}
{"level":"info","message":"::ffff:127.0.0.1 - - [20/Oct/2025:05:53:19 +0000] \"GET /api HTTP/1.1\" 200 42 \"-\" \"Mozilla/5.0 (Macintosh; Intel Mac OS X 10.15; rv:143.0) Gecko/20100101 Firefox/143.0\"","service":"aquisitions-api","timestamp":"2025-10-20T05:53:19.308Z"}
{"level":"info","message":"::ffff:127.0.0.1 - - [20/Oct/2025:05:53:19 +0000] \"GET /favicon.ico HTTP/1.1\" 404 150 \"-\" \"Mozilla/5.0 (Macintosh; Intel Mac OS X 10.15; rv:143.0) Gecko/20100101 Firefox/143.0\"","service":"aquisitions-api","timestamp":"2025-10-20T05:53:19.332Z"}
{"level":"info","message":"::ffff:127.0.0.1 - - [20/Oct/2025:05:53:26 +0000] \"GET /health HTTP/1.1\" 200 76 \"-\" \"Mozilla/5.0 (Macintosh; Intel Mac OS X 10.15; rv:143.0) Gecko/20100101 Firefox/143.0\"","service":"aquisitions-api","timestamp":"2025-10-20T05:53:26.887Z"}
{"level":"info","message":"::ffff:127.0.0.1 - - [20/Oct/2025:05:53:26 +0000] \"GET /favicon.ico HTTP/1.1\" 404 150 \"-\" \"Mozilla/5.0 (Macintosh; Intel Mac OS X 10.15; rv:143.0) Gecko/20100101 Firefox/143.0\"","service":"aquisitions-api","timestamp":"2025-10-20T05:53:26.903Z"}
{"level":"info","message":"Hello from Acquisitons API!","service":"aquisitions-api","timestamp":"2025-10-20T05:53:43.439Z"}
{"level":"info","message":"::ffff:127.0.0.1 - - [20/Oct/2025:05:53:43 +0000] \"GET / HTTP/1.1\" 304 - \"-\" \"Mozilla/5.0 (Macintosh; Intel Mac OS X 10.15; rv:143.0) Gecko/20100101 Firefox/143.0\"","service":"aquisitions-api","timestamp":"2025-10-20T05:53:43.442Z"}
{"level":"info","message":"Hello from Acquisitons API!","service":"aquisitions-api","timestamp":"2025-10-20T05:55:45.872Z"}
{"level":"info","message":"::1 - - [20/Oct/2025:05:55:45 +0000] \"GET / HTTP/1.1\" 200 28 \"-\" \"HTTPie\"","service":"aquisitions-api","timestamp":"2025-10-20T05:55:45.875Z"}
{"level":"info","message":"::1 - - [20/Oct/2025:05:56:06 +0000] \"GET /api HTTP/1.1\" 200 42 \"-\" \"HTTPie\"","service":"aquisitions-api","timestamp":"2025-10-20T05:56:06.197Z"}
{"level":"info","message":"::1 - - [20/Oct/2025:05:56:17 +0000] \"GET /health HTTP/1.1\" 200 77 \"-\" \"HTTPie\"","service":"aquisitions-api","timestamp":"2025-10-20T05:56:17.900Z"}
{"level":"info","message":"::1 - - [20/Oct/2025:05:56:33 +0000] \"POST /auth/sign-in HTTP/1.1\" 404 152 \"-\" \"HTTPie\"","service":"aquisitions-api","timestamp":"2025-10-20T05:56:33.754Z"}
{"level":"info","message":"::1 - - [20/Oct/2025:05:56:46 +0000] \"POST /api/auth/sign-in HTTP/1.1\" 200 30 \"-\" \"HTTPie\"","service":"aquisitions-api","timestamp":"2025-10-20T05:56:46.711Z"}
{"level":"info","message":"::1 - - [20/Oct/2025:06:35:03 +0000] \"POST /api/auth/sign-up HTTP/1.1\" 400 92 \"-\" \"HTTPie\"","service":"aquisitions-api","timestamp":"2025-10-20T06:35:03.458Z"}
{"level":"info","message":"User registered succesfully: contact@raghavawasthi.dev","service":"aquisitions-api","timestamp":"2025-10-20T06:36:30.765Z"}
{"level":"info","message":"::1 - - [20/Oct/2025:06:36:30 +0000] \"POST /api/auth/sign-up?name=&email= HTTP/1.1\" 201 111 \"-\" \"HTTPie\"","service":"aquisitions-api","timestamp":"2025-10-20T06:36:30.766Z"}
{"level":"error","message":"Error hashing password: Error: data and salt arguments required","service":"aquisitions-api","timestamp":"2025-10-20T07:21:30.823Z"}
{"level":"error","message":"Error creating the user: Error: Error hashing password","service":"aquisitions-api","timestamp":"2025-10-20T07:21:30.826Z"}
{"level":"error","message":"SignUp Error Error creating user","service":"aquisitions-api","stack":"Error: Error creating user\n    at createUser (file:///Users/glitchednexus/Documents/GitHub/acquisitions/src/services/auth.services.js:46:11)\n    at process.processTicksAndRejections (node:internal/process/task_queues:105:5)\n    at async signUp (file:///Users/glitchednexus/Documents/GitHub/acquisitions/src/controllers/auth.controller.js:21:18)","timestamp":"2025-10-20T07:21:30.826Z"}
{"level":"info","message":"::1 - - [20/Oct/2025:07:21:30 +0000] \"POST /api/auth/sign-up?name=&email= HTTP/1.1\" 500 510 \"-\" \"HTTPie\"","service":"aquisitions-api","timestamp":"2025-10-20T07:21:30.828Z"}
{"level":"error","message":"Error hashing the password: Error: data and salt arguments required","service":"aquisitions-api","timestamp":"2025-10-20T07:22:53.021Z"}
{"level":"error","message":"Error creating the user: Error: Error hashing","service":"aquisitions-api","timestamp":"2025-10-20T07:22:53.026Z"}
{"level":"error","message":"SignUp Error Error hashing","service":"aquisitions-api","stack":"Error: Error hashing\n    at hashPassword (file:///Users/glitchednexus/Documents/GitHub/acquisitions/src/services/auth.services.js:12:11)\n    at process.processTicksAndRejections (node:internal/process/task_queues:105:5)\n    at async createUser (file:///Users/glitchednexus/Documents/GitHub/acquisitions/src/services/auth.services.js:36:27)\n    at async signUp (file:///Users/glitchednexus/Documents/GitHub/acquisitions/src/controllers/auth.controller.js:21:18)","timestamp":"2025-10-20T07:22:53.026Z"}
{"level":"info","message":"::1 - - [20/Oct/2025:07:22:53 +0000] \"POST /api/auth/sign-up?name=&email= HTTP/1.1\" 500 639 \"-\" \"HTTPie\"","service":"aquisitions-api","timestamp":"2025-10-20T07:22:53.030Z"}
{"level":"info","message":"User contact@raghavawasthi.dev created successfully","service":"aquisitions-api","timestamp":"2025-10-20T07:25:59.783Z"}
{"level":"error","message":"Signup error cookies.getOptions is not iterable (cannot read property Symbol(Symbol.iterator))","service":"aquisitions-api","stack":"TypeError: cookies.getOptions is not iterable (cannot read property Symbol(Symbol.iterator))\n    at Object.set (file:///Users/glitchednexus/Documents/GitHub/acquisitions/src/utils/cookies.js:10:40)\n    at signUp (file:///Users/glitchednexus/Documents/GitHub/acquisitions/src/controllers/auth.controller.js:29:13)\n    at process.processTicksAndRejections (node:internal/process/task_queues:105:5)","timestamp":"2025-10-20T07:25:59.788Z"}
{"level":"info","message":"::1 - - [20/Oct/2025:07:25:59 +0000] \"POST /api/auth/sign-up?name=&email= HTTP/1.1\" 500 561 \"-\" \"HTTPie\"","service":"aquisitions-api","timestamp":"2025-10-20T07:25:59.791Z"}
{"level":"error","message":"Error creating the user: Error: User with this email already exists","service":"aquisitions-api","timestamp":"2025-10-20T07:26:57.285Z"}
{"level":"error","message":"Signup error User with this email already exists","service":"aquisitions-api","stack":"Error: User with this email already exists\n    at createUser (file:///Users/glitchednexus/Documents/GitHub/acquisitions/src/services/auth.service.js:34:13)\n    at process.processTicksAndRejections (node:internal/process/task_queues:105:5)\n    at async signUp (file:///Users/glitchednexus/Documents/GitHub/acquisitions/src/controllers/auth.controller.js:21:18)","timestamp":"2025-10-20T07:26:57.289Z"}
{"level":"info","message":"::1 - - [20/Oct/2025:07:26:57 +0000] \"POST /api/auth/sign-up?name=&email= HTTP/1.1\" 409 31 \"-\" \"HTTPie\"","service":"aquisitions-api","timestamp":"2025-10-20T07:26:57.294Z"}
{"level":"info","message":"User contact@raghavawasthi.dev created successfully","service":"aquisitions-api","timestamp":"2025-10-20T07:29:11.171Z"}
{"level":"info","message":"User registered successfully: contact@raghavawasthi.dev","service":"aquisitions-api","timestamp":"2025-10-20T07:29:11.177Z"}
{"level":"info","message":"::1 - - [20/Oct/2025:07:29:11 +0000] \"POST /api/auth/sign-up?name=&email= HTTP/1.1\" 201 112 \"-\" \"HTTPie\"","service":"aquisitions-api","timestamp":"2025-10-20T07:29:11.179Z"}
